SF:/mnt/dev-1/Development/google/dart/projects/wilt/lib/src/httpAdapters/wilt_http_adapter.dart
DA:14,0
end_of_record
SF:/mnt/dev-1/Development/google/dart/projects/wilt/lib/src/wilt_change_notification.dart
DA:31,1
DA:32,1
DA:33,2
DA:36,3
DA:42,3
DA:43,3
DA:48,2
DA:53,0
DA:55,0
DA:77,1
DA:78,1
DA:86,1
DA:93,1
DA:98,2
DA:99,2
DA:100,1
DA:101,3
DA:102,3
DA:103,3
DA:105,5
DA:111,2
DA:112,1
DA:117,1
DA:118,1
DA:123,0
DA:124,0
DA:126,0
DA:127,0
DA:129,0
DA:136,0
DA:137,0
DA:139,0
DA:141,0
DA:150,1
DA:152,0
DA:153,0
DA:155,0
DA:163,2
DA:168,1
DA:169,1
DA:171,2
DA:173,2
DA:178,1
DA:179,2
DA:184,1
DA:186,1
DA:187,3
DA:189,2
DA:192,1
DA:193,2
DA:196,1
DA:197,3
DA:199,2
DA:206,2
DA:215,3
DA:216,3
DA:221,2
end_of_record
SF:/mnt/dev-1/Development/google/dart/projects/wilt/lib/src/wilt_exception.dart
DA:88,1
DA:90,3
end_of_record
SF:/mnt/dev-1/Development/google/dart/projects/wilt/lib/src/wilt.dart
DA:79,1
DA:80,3
DA:81,1
DA:84,1
DA:85,0
DA:91,1
DA:92,1
DA:99,1
DA:103,1
DA:107,1
DA:111,0
DA:112,0
DA:120,3
DA:123,2
DA:130,0
DA:135,0
DA:151,1
DA:152,1
DA:153,1
DA:156,4
DA:159,1
DA:160,1
DA:161,1
DA:162,3
DA:164,2
DA:165,1
DA:166,1
DA:169,0
DA:176,2
DA:177,1
DA:178,1
DA:179,0
DA:180,0
DA:190,1
DA:191,1
DA:192,1
DA:193,1
DA:195,1
DA:196,1
DA:197,1
DA:198,1
DA:199,1
DA:200,1
DA:203,1
DA:210,1
DA:218,1
DA:219,1
DA:221,1
DA:222,2
DA:230,1
DA:231,2
DA:233,0
DA:245,1
DA:251,1
DA:252,1
DA:253,1
DA:257,0
DA:263,1
DA:264,1
DA:265,1
DA:269,1
DA:275,1
DA:276,1
DA:277,1
DA:281,0
DA:287,1
DA:288,1
DA:289,1
DA:293,0
DA:299,1
DA:300,1
DA:301,1
DA:305,0
DA:315,1
DA:320,0
DA:324,1
DA:327,1
DA:328,1
DA:335,1
DA:338,1
DA:339,2
DA:341,2
DA:343,1
DA:344,1
DA:345,3
DA:346,1
DA:348,0
DA:353,1
DA:362,1
DA:364,1
DA:368,2
DA:370,1
DA:371,1
DA:372,2
DA:373,1
DA:376,0
DA:379,1
DA:382,1
DA:383,1
DA:384,1
DA:396,1
DA:404,1
DA:406,1
DA:409,0
DA:412,1
DA:413,1
DA:420,0
DA:426,0
DA:428,1
DA:429,1
DA:436,1
DA:440,0
DA:443,1
DA:444,1
DA:448,1
DA:450,0
DA:453,1
DA:454,1
DA:461,1
DA:465,0
DA:468,0
DA:469,0
DA:471,0
DA:472,0
DA:481,1
DA:485,1
DA:491,1
DA:493,0
DA:494,1
DA:496,1
DA:497,1
DA:511,1
DA:512,1
DA:519,1
DA:523,2
DA:527,1
DA:528,1
DA:532,1
DA:533,1
DA:537,2
DA:541,1
DA:542,1
DA:545,1
DA:546,1
DA:554,0
DA:560,0
DA:564,1
DA:565,1
DA:568,1
DA:570,0
DA:574,1
DA:575,1
DA:577,1
DA:578,1
DA:586,0
DA:592,0
DA:596,1
DA:597,1
DA:599,1
DA:600,1
DA:606,1
DA:611,1
DA:612,1
DA:615,1
DA:621,1
DA:626,1
DA:627,1
DA:631,2
DA:633,1
DA:642,1
DA:645,1
DA:647,1
DA:654,1
DA:661,1
DA:668,1
DA:680,1
DA:684,1
DA:688,1
DA:692,1
DA:696,1
DA:702,1
DA:703,1
DA:709,1
DA:710,1
DA:712,1
DA:715,1
DA:716,1
DA:728,1
DA:732,1
DA:736,1
DA:740,1
DA:744,1
DA:750,1
DA:751,1
DA:753,1
DA:755,1
DA:756,1
DA:763,1
DA:767,1
DA:771,1
DA:774,1
DA:776,1
DA:777,1
DA:783,1
DA:787,1
DA:790,1
DA:792,1
DA:793,1
DA:804,1
DA:805,1
DA:809,1
DA:814,1
DA:815,2
DA:816,4
DA:824,2
DA:825,1
DA:826,1
DA:835,0
DA:838,0
DA:839,0
DA:842,0
DA:847,2
DA:848,2
DA:853,2
DA:854,2
DA:864,1
DA:867,1
DA:868,1
DA:869,1
DA:872,5
DA:877,1
DA:878,1
DA:883,2
DA:885,1
end_of_record
SF:/mnt/dev-1/Development/google/dart/projects/wilt/lib/src/wilt_change_notification_event.dart
DA:59,1
DA:60,1
DA:65,1
DA:66,1
DA:71,0
DA:72,0
DA:76,0
DA:77,0
DA:82,0
DA:83,0
DA:87,1
DA:88,1
DA:95,1
DA:102,0
DA:108,1
DA:114,0
DA:120,1
DA:126,0
DA:132,0
DA:138,0
DA:144,0
end_of_record
SF:/mnt/dev-1/Development/google/dart/projects/wilt/lib/src/wilt_user_utils.dart
DA:15,1
DA:16,1
DA:17,1
DA:22,1
DA:23,1
DA:24,1
DA:30,1
DA:31,1
DA:32,1
DA:33,1
DA:38,1
DA:39,1
DA:40,1
DA:41,1
DA:47,1
DA:48,1
DA:49,1
DA:50,1
DA:56,1
DA:57,1
DA:58,1
DA:59,1
DA:64,0
DA:65,0
DA:66,0
DA:67,0
DA:73,1
DA:74,1
DA:75,1
DA:76,1
DA:82,1
DA:83,1
DA:84,1
DA:85,1
DA:86,1
DA:93,2
DA:94,1
DA:98,1
DA:99,2
DA:100,1
DA:101,1
DA:107,1
DA:108,1
DA:109,2
DA:112,1
DA:121,1
DA:122,1
DA:123,1
DA:124,1
DA:125,1
DA:126,2
DA:128,2
DA:130,1
DA:131,1
DA:132,1
DA:133,1
end_of_record
SF:/mnt/dev-1/Development/google/dart/projects/wilt/lib/src/wilt_change_notification_parameters.dart
DA:18,1
DA:19,0
DA:25,1
DA:26,0
DA:33,1
DA:34,0
DA:41,1
DA:42,1
DA:50,1
DA:51,1
end_of_record
SF:/mnt/dev-1/Development/google/dart/projects/wilt/lib/wilt_server_client.dart
DA:27,2
end_of_record
SF:/mnt/dev-1/Development/google/dart/projects/wilt/lib/src/httpAdapters/wilt_server_http_adapter.dart
DA:30,1
DA:31,2
DA:41,1
DA:49,1
DA:50,1
DA:51,1
DA:52,1
DA:53,1
DA:54,1
DA:55,1
DA:56,2
DA:62,2
DA:65,2
DA:67,1
DA:68,1
DA:69,1
DA:70,1
DA:71,1
DA:73,2
DA:77,2
DA:80,2
DA:81,1
DA:82,1
DA:83,1
DA:84,2
DA:85,1
DA:87,2
DA:91,2
DA:97,1
DA:99,2
DA:100,1
DA:103,1
DA:104,1
DA:105,3
DA:106,1
DA:110,2
DA:114,2
DA:123,1
DA:124,1
DA:125,1
DA:126,1
DA:127,1
DA:128,1
DA:129,1
DA:130,3
DA:131,1
DA:137,2
DA:140,1
DA:142,0
DA:144,0
DA:145,0
DA:146,0
DA:147,0
DA:149,0
DA:153,0
DA:156,2
DA:157,0
DA:159,0
DA:160,0
DA:161,0
DA:162,0
DA:164,0
DA:168,0
DA:174,1
DA:176,1
DA:177,1
DA:181,0
DA:182,0
DA:183,0
DA:184,0
DA:188,2
DA:193,2
DA:200,1
DA:201,1
DA:202,1
DA:203,1
DA:204,1
DA:205,1
DA:206,1
DA:207,2
DA:208,1
DA:213,2
DA:219,1
DA:220,1
DA:225,1
DA:226,1
DA:227,1
DA:228,1
DA:233,1
DA:234,3
DA:235,1
DA:236,1
DA:237,1
DA:238,1
DA:239,1
DA:240,1
DA:241,1
DA:242,1
DA:243,1
DA:244,3
DA:245,1
DA:246,3
DA:247,1
DA:248,1
DA:249,1
DA:250,2
DA:251,3
DA:254,1
DA:259,1
DA:262,1
DA:263,1
DA:264,1
DA:265,1
DA:266,1
DA:267,3
DA:269,2
DA:270,1
DA:271,1
DA:274,0
DA:279,3
DA:280,2
DA:283,1
DA:288,1
DA:289,1
DA:290,1
end_of_record
